<?xml version='1.0' encoding='UTF-8' ?>
<testsuite name="com.example.dogglers.HorizontalListTests" tests="4" failures="1" errors="0" skipped="0" time="6.717" timestamp="2022-12-12T01:11:28" hostname="localhost">
  <properties>
    <property name="device" value="Pixel_5_API_30(AVD) - 11" />
    <property name="flavor" value="" />
    <property name="project" value=":app" />
  </properties>
  <testcase name="recycler_view_item_count" classname="com.example.dogglers.HorizontalListTests" time="1.228" />
  <testcase name="horizontal_scrolling" classname="com.example.dogglers.HorizontalListTests" time="1.255" />
  <testcase name="horizontal_scroll_content_at_last_position" classname="com.example.dogglers.HorizontalListTests" time="0.593" />
  <testcase name="horizontal_scroll_content_at_first_position" classname="com.example.dogglers.HorizontalListTests" time="0.685">
    <failure>androidx.test.espresso.NoMatchingViewException: No views in hierarchy found matching: an instance of android.widget.TextView and view.getText() with or without transformation to match: is "7"

View Hierarchy:
+&gt;DecorView{id=-1, visibility=VISIBLE, width=1080, height=2340, has-focus=false, has-focusable=true, has-window-focus=true, is-clickable=false, is-enabled=true, is-focused=false, is-focusable=false, is-layout-requested=false, is-selected=false, layout-params={(0,0)(fillxfill) ty=BASE_APPLICATION wanim=0x10302fe
fl=LAYOUT_IN_SCREEN LAYOUT_INSET_DECOR SPLIT_TOUCH HARDWARE_ACCELERATED DRAWS_SYSTEM_BAR_BACKGROUNDS
pfl=FORCE_DRAW_STATUS_BAR_BACKGROUND FIT_INSETS_CONTROLLED
fitSides=}, tag=null, root-is-layout-requested=false, has-input-connection=false, x=0.0, y=0.0, child-count=3}
|
+-&gt;LinearLayout{id=-1, visibility=VISIBLE, width=1080, height=2208, has-focus=false, has-focusable=true, has-window-focus=true, is-clickable=false, is-enabled=true, is-focused=false, is-focusable=false, is-layout-requested=false, is-selected=false, layout-params=android.widget.FrameLayout$LayoutParams&#64;d1920ce, tag=null, root-is-layout-requested=false, has-input-connection=false, x=0.0, y=0.0, child-count=2}
|
+--&gt;ViewStub{id=16908719, res-name=action_mode_bar_stub, visibility=GONE, width=0, height=0, has-focus=false, has-focusable=false, has-window-focus=true, is-clickable=false, is-enabled=true, is-focused=false, is-focusable=false, is-layout-requested=true, is-selected=false, layout-params=android.widget.LinearLayout$LayoutParams&#64;905ebef, tag=null, root-is-layout-requested=false, has-input-connection=false, x=0.0, y=0.0}
|
+--&gt;FrameLayout{id=-1, visibility=VISIBLE, width=1080, height=2072, has-focus=false, has-focusable=true, has-window-focus=true, is-clickable=false, is-enabled=true, is-focused=false, is-focusable=false, is-layout-requested=false, is-selected=false, layout-params=android.widget.LinearLayout$LayoutParams&#64;275a185, tag=null, root-is-layout-requested=false, has-input-connection=false, x=0.0, y=136.0, child-count=1}
|
+---&gt;ActionBarOverlayLayout{id=2131230866, res-name=decor_content_parent, visibility=VISIBLE, width=1080, height=2072, has-focus=false, has-focusable=true, has-window-focus=true, is-clickable=false, is-enabled=true, is-focused=false, is-focusable=false, is-layout-requested=false, is-selected=false, layout-params=android.widget.FrameLayout$LayoutParams&#64;4be06e8, tag=null, root-is-layout-requested=false, has-input-connection=false, x=0.0, y=0.0, child-count=2}
|
+----&gt;ContentFrameLayout{id=16908290, res-name=content, visibility=VISIBLE, width=1080, height=1918, has-focus=false, has-focusable=true, has-window-focus=true, is-clickable=false, is-enabled=true, is-focused=false, is-focusable=false, is-layout-requested=false, is-selected=false, layout-params=androidx.appcompat.widget.ActionBarOverlayLayout$LayoutParams&#64;4c47ba6, tag=null, root-is-layout-requested=false, has-input-connection=false, x=0.0, y=154.0, child-count=1}
|
+-----&gt;FrameLayout{id=-1, visibility=VISIBLE, width=1080, height=1918, has-focus=false, has-focusable=true, has-window-focus=true, is-clickable=false, is-enabled=true, is-focused=false, is-focusable=false, is-layout-requested=false, is-selected=false, layout-params=android.widget.FrameLayout$LayoutParams&#64;5e0a994, tag=null, root-is-layout-requested=false, has-input-connection=false, x=0.0, y=0.0, child-count=1}
|
+------&gt;RecyclerView{id=2131230949, res-name=horizontal_recycler_view, visibility=VISIBLE, width=1080, height=799, has-focus=false, has-focusable=true, has-window-focus=true, is-clickable=false, is-enabled=true, is-focused=false, is-focusable=true, is-layout-requested=false, is-selected=false, layout-params=android.widget.FrameLayout$LayoutParams&#64;aacac32, tag=null, root-is-layout-requested=false, has-input-connection=false, x=0.0, y=559.0, child-count=1}
|
+-------&gt;MaterialCardView{id=-1, visibility=VISIBLE, width=1036, height=755, has-focus=false, has-focusable=false, has-window-focus=true, is-clickable=false, is-enabled=true, is-focused=false, is-focusable=false, is-layout-requested=false, is-selected=false, layout-params=androidx.recyclerview.widget.RecyclerView$LayoutParams&#64;fe8cb00, tag=null, root-is-layout-requested=false, has-input-connection=false, x=22.0, y=22.0, is-checked=false, child-count=1}
|
+--------&gt;ConstraintLayout{id=-1, visibility=VISIBLE, width=1036, height=755, has-focus=false, has-focusable=false, has-window-focus=true, is-clickable=false, is-enabled=true, is-focused=false, is-focusable=false, is-layout-requested=false, is-selected=false, layout-params=android.widget.FrameLayout$LayoutParams&#64;aafaedf, tag=null, root-is-layout-requested=false, has-input-connection=false, x=0.0, y=0.0, child-count=2}
|
+---------&gt;AppCompatImageView{id=2131230885, res-name=dog_image, visibility=VISIBLE, width=1036, height=534, has-focus=false, has-focusable=false, has-window-focus=true, is-clickable=false, is-enabled=true, is-focused=false, is-focusable=false, is-layout-requested=false, is-selected=false, layout-params=androidx.constraintlayout.widget.ConstraintLayout$LayoutParams&#64;38f972c, tag=null, root-is-layout-requested=false, has-input-connection=false, x=0.0, y=0.0}
|
+---------&gt;ConstraintLayout{id=-1, visibility=VISIBLE, width=1036, height=221, has-focus=false, has-focusable=false, has-window-focus=true, is-clickable=false, is-enabled=true, is-focused=false, is-focusable=false, is-layout-requested=false, is-selected=false, layout-params=androidx.constraintlayout.widget.ConstraintLayout$LayoutParams&#64;1f4fa18, tag=null, root-is-layout-requested=false, has-input-connection=false, x=0.0, y=534.0, child-count=3}
|
+----------&gt;MaterialTextView{id=2131230886, res-name=dog_name, visibility=VISIBLE, width=170, height=74, has-focus=false, has-focusable=false, has-window-focus=true, is-clickable=false, is-enabled=true, is-focused=false, is-focusable=false, is-layout-requested=false, is-selected=false, layout-params=androidx.constraintlayout.widget.ConstraintLayout$LayoutParams&#64;11fc71, tag=null, root-is-layout-requested=false, has-input-connection=false, x=22.0, y=22.0, text=Tzeitel, input-type=0, ime-target=false, has-links=false}
|
+----------&gt;MaterialTextView{id=2131230883, res-name=dog_age, visibility=VISIBLE, width=133, height=59, has-focus=false, has-focusable=false, has-window-focus=true, is-clickable=false, is-enabled=true, is-focused=false, is-focusable=false, is-layout-requested=false, is-selected=false, layout-params=androidx.constraintlayout.widget.ConstraintLayout$LayoutParams&#64;2f91a56, tag=null, root-is-layout-requested=false, has-input-connection=false, x=22.0, y=140.0, text=Age: 7, input-type=0, ime-target=false, has-links=false}
|
+----------&gt;MaterialTextView{id=2131230884, res-name=dog_hobbies, visibility=VISIBLE, width=992, height=111, has-focus=false, has-focusable=false, has-window-focus=true, is-clickable=false, is-enabled=true, is-focused=false, is-focusable=false, is-layout-requested=false, is-selected=false, layout-params=androidx.constraintlayout.widget.ConstraintLayout$LayoutParams&#64;e9a9ad7, tag=null, root-is-layout-requested=false, has-input-connection=false, x=22.0, y=88.0, text=Hobbies: Dog(imageResourceId=2131165345, name=Tzeitel, age=7, hobbies=sunbathing), input-type=0, ime-target=false, has-links=false}
|
+----&gt;ActionBarContainer{id=2131230774, res-name=action_bar_container, visibility=VISIBLE, width=1080, height=154, has-focus=false, has-focusable=false, has-window-focus=true, is-clickable=false, is-enabled=true, is-focused=false, is-focusable=false, is-layout-requested=false, is-selected=false, layout-params=androidx.appcompat.widget.ActionBarOverlayLayout$LayoutParams&#64;f0485e2, tag=null, root-is-layout-requested=false, has-input-connection=false, x=0.0, y=0.0, child-count=2}
|
+-----&gt;Toolbar{id=2131230772, res-name=action_bar, visibility=VISIBLE, width=1080, height=154, has-focus=false, has-focusable=false, has-window-focus=true, is-clickable=false, is-enabled=true, is-focused=false, is-focusable=false, is-layout-requested=false, is-selected=false, layout-params=android.widget.FrameLayout$LayoutParams&#64;3691e2e, tag=null, root-is-layout-requested=false, has-input-connection=false, x=0.0, y=0.0, child-count=3}
|
+------&gt;AppCompatTextView{id=-1, visibility=VISIBLE, width=220, height=74, has-focus=false, has-focusable=false, has-window-focus=true, is-clickable=false, is-enabled=true, is-focused=false, is-focusable=false, is-layout-requested=false, is-selected=false, layout-params=androidx.appcompat.widget.Toolbar$LayoutParams&#64;880dcf, tag=null, root-is-layout-requested=false, has-input-connection=false, x=198.0, y=40.0, text=Dogglers, input-type=0, ime-target=false, has-links=false}
|
+------&gt;AppCompatImageButton{id=-1, desc=Navigate up, visibility=VISIBLE, width=154, height=154, has-focus=false, has-focusable=false, has-window-focus=true, is-clickable=true, is-enabled=true, is-focused=false, is-focusable=true, is-layout-requested=false, is-selected=false, layout-params=androidx.appcompat.widget.Toolbar$LayoutParams&#64;b3d235c, tag=null, root-is-layout-requested=false, has-input-connection=false, x=0.0, y=0.0}
|
+------&gt;ActionMenuView{id=-1, visibility=VISIBLE, width=0, height=154, has-focus=false, has-focusable=false, has-window-focus=true, is-clickable=false, is-enabled=true, is-focused=false, is-focusable=false, is-layout-requested=false, is-selected=false, layout-params=androidx.appcompat.widget.Toolbar$LayoutParams&#64;ef64665, tag=null, root-is-layout-requested=false, has-input-connection=false, x=1080.0, y=0.0, child-count=0}
|
+-----&gt;ActionBarContextView{id=2131230780, res-name=action_context_bar, visibility=GONE, width=0, height=0, has-focus=false, has-focusable=false, has-window-focus=true, is-clickable=false, is-enabled=true, is-focused=false, is-focusable=false, is-layout-requested=true, is-selected=false, layout-params=android.widget.FrameLayout$LayoutParams&#64;f6cef3a, tag=null, root-is-layout-requested=false, has-input-connection=false, x=0.0, y=0.0, child-count=0}
|
+-&gt;View{id=16908336, res-name=navigationBarBackground, visibility=VISIBLE, width=1080, height=132, has-focus=false, has-focusable=false, has-window-focus=true, is-clickable=false, is-enabled=true, is-focused=false, is-focusable=false, is-layout-requested=false, is-selected=false, layout-params=android.widget.FrameLayout$LayoutParams&#64;321b7eb, tag=null, root-is-layout-requested=false, has-input-connection=false, x=0.0, y=2208.0}
|
+-&gt;View{id=16908335, res-name=statusBarBackground, visibility=VISIBLE, width=1080, height=136, has-focus=false, has-focusable=false, has-window-focus=true, is-clickable=false, is-enabled=true, is-focused=false, is-focusable=false, is-layout-requested=false, is-selected=false, layout-params=android.widget.FrameLayout$LayoutParams&#64;6271948, tag=null, root-is-layout-requested=false, has-input-connection=false, x=0.0, y=0.0}
at dalvik.system.VMStack.getThreadStackTrace(Native Method)
at java.lang.Thread.getStackTrace(Thread.java:1736)
at androidx.test.espresso.base.DefaultFailureHandler.getUserFriendlyError(DefaultFailureHandler.java:12)
at androidx.test.espresso.base.DefaultFailureHandler.handle(DefaultFailureHandler.java:7)
at androidx.test.espresso.ViewInteraction.waitForAndHandleInteractionResults(ViewInteraction.java:8)
at androidx.test.espresso.ViewInteraction.check(ViewInteraction.java:12)
at com.example.dogglers.BaseTest.hasListItemContent(BaseTest.kt:59)
at com.example.dogglers.BaseTest.checkFirstPosition(BaseTest.kt:70)
at com.example.dogglers.HorizontalListTests.horizontal_scroll_content_at_first_position(HorizontalListTests.kt:42)</failure>
  </testcase>
</testsuite>